
reading lef ...

units:       1000
#layers:     13
#macros:     438
#vias:       25
#viarulegen: 25

reading def ...
defIn read 10000 components
defIn read 20000 components

design:      user_proj_example
die area:    ( 0 0 ) ( 600000 600000 )
trackPts:    12
defvias:     3
#components: 28020
#terminals:  614
#snets:      2
#nets:       1030

reading guide ...

#guides:     5734
Warning: met2 does not have viaDef align with layer direction, generating new viaDef via2_FR...
Warning: met4 does not have viaDef align with layer direction, generating new viaDef via4_FR...
done initConstraintLayerIdx
List of default vias:
  Layer mcon
    default via: L1M1_PR_MR
  Layer via
    default via: M1M2_PR
  Layer via2
    default via: via2_FR
  Layer via3
    default via: M3M4_PR_M
  Layer via4
    default via: via4_FR
Writing reference output def...

libcell analysis ...

instance analysis ...
  complete 10000 instances
  complete 20000 instances
#unique instances = 59

init region query ...
  complete 10000 insts
  complete 20000 insts
  complete FR_MASTERSLICE
  complete FR_VIA
  complete li1
  complete mcon
  complete met1
  complete via
  complete met2
  complete via2
  complete met3
  complete via3
  complete met4
  complete via4
  complete met5

FR_MASTERSLICE shape region query size = 0
FR_VIA shape region query size = 0
li1 shape region query size = 174119
mcon shape region query size = 543442
met1 shape region query size = 58813
via shape region query size = 3408
met2 shape region query size = 2311
via2 shape region query size = 3408
met3 shape region query size = 1709
via3 shape region query size = 3408
met4 shape region query size = 862
via4 shape region query size = 0
met5 shape region query size = 0


start pin access
  complete 100 pins
  complete 140 pins
  complete 53 unique inst patterns
  complete 684 groups
Expt1 runtime (pin-level access point gen): 0.201078
Expt2 runtime (design-level access pattern gen): 0.0268602
#scanned instances     = 28020
#unique  instances     = 59
#stdCellGenAp          = 939
#stdCellValidPlanarAp  = 0
#stdCellValidViaAp     = 656
#stdCellPinNoAp        = 0
#stdCellPinCnt         = 1922
#instTermValidViaApCnt = 0
#macroGenAp            = 0
#macroValidPlanarAp    = 0
#macroValidViaAp       = 0
#macroNoAp             = 0

complete pin access
cpu time = 00:00:00, elapsed time = 00:00:00, memory = 66.88 (MB), peak = 79.12 (MB)

post process guides ...
GCELLGRID X -1 DO 86 STEP 6900 ;
GCELLGRID Y -1 DO 86 STEP 6900 ;
  complete FR_MASTERSLICE
  complete FR_VIA
  complete li1
  complete mcon
  complete met1
  complete via
  complete met2
  complete via2
  complete met3
  complete via3
  complete met4
  complete via4
  complete met5

building cmap ... 

init guide query ...
  complete FR_MASTERSLICE (guide)
  complete FR_VIA (guide)
  complete li1 (guide)
  complete mcon (guide)
  complete met1 (guide)
  complete via (guide)
  complete met2 (guide)
  complete via2 (guide)
  complete met3 (guide)
  complete via3 (guide)
  complete met4 (guide)
  complete via4 (guide)
  complete met5 (guide)

FR_MASTERSLICE guide region query size = 0
FR_VIA guide region query size = 0
li1 guide region query size = 1828
mcon guide region query size = 0
met1 guide region query size = 1897
via guide region query size = 0
met2 guide region query size = 1256
via2 guide region query size = 0
met3 guide region query size = 71
via3 guide region query size = 0
met4 guide region query size = 8
via4 guide region query size = 0
met5 guide region query size = 2

init gr pin query ...


start track assignment
Done with 3092 vertical wires in 2 frboxes and 1970 horizontal wires in 2 frboxes.
Done with 453 vertical wires in 2 frboxes and 1029 horizontal wires in 2 frboxes.

complete track assignment
cpu time = 00:00:02, elapsed time = 00:00:01, memory = 104.01 (MB), peak = 163.21 (MB)

post processing ...

start routing data preparation
initVia2ViaMinLen_minSpc li1 (d2d, d2u, u2d, u2u) = (0, 0, 0, 370)
initVia2ViaMinLen_minSpc met1 (d2d, d2u, u2d, u2u) = (430, 445, 445, 460)
initVia2ViaMinLen_minSpc met2 (d2d, d2u, u2d, u2u) = (460, 485, 485, 630)
initVia2ViaMinLen_minSpc met3 (d2d, d2u, u2d, u2u) = (630, 655, 655, 680)
initVia2ViaMinLen_minSpc met4 (d2d, d2u, u2d, u2u) = (630, 1055, 1055, 3020)
initVia2ViaMinLen_minSpc met5 (d2d, d2u, u2d, u2u) = (1480, 0, 0, 0)
initVia2ViaMinLen_minimumcut li1 (d2d, d2u, u2d, u2u) = (0, 0, 0, 370)
initVia2ViaMinLen_minimumcut li1 zerolen (b, b, b, b) = (1, 1, 1, 1)
initVia2ViaMinLen_minimumcut met1 (d2d, d2u, u2d, u2u) = (430, 445, 445, 460)
initVia2ViaMinLen_minimumcut met1 zerolen (b, b, b, b) = (1, 1, 1, 1)
initVia2ViaMinLen_minimumcut met2 (d2d, d2u, u2d, u2u) = (460, 485, 485, 630)
initVia2ViaMinLen_minimumcut met2 zerolen (b, b, b, b) = (1, 1, 1, 1)
initVia2ViaMinLen_minimumcut met3 (d2d, d2u, u2d, u2u) = (630, 655, 655, 680)
initVia2ViaMinLen_minimumcut met3 zerolen (b, b, b, b) = (1, 1, 1, 1)
initVia2ViaMinLen_minimumcut met4 (d2d, d2u, u2d, u2u) = (630, 1055, 1055, 3020)
initVia2ViaMinLen_minimumcut met4 zerolen (b, b, b, b) = (1, 1, 1, 1)
initVia2ViaMinLen_minimumcut met5 (d2d, d2u, u2d, u2u) = (1480, 0, 0, 0)
initVia2ViaMinLen_minimumcut met5 zerolen (b, b, b, b) = (1, 1, 1, 1)
initVia2ViaMinLenNew_minSpc li1 (d2d-x, d2d-y, d2u-x, d2u-y, u2d-x, u2d-y, u2u-x, u2u-y) = (0, 0, 0, 0, 0, 0, 430, 370)
initVia2ViaMinLenNew_minSpc met1 (d2d-x, d2d-y, d2u-x, d2u-y, u2d-x, u2d-y, u2u-x, u2u-y) = (430, 370, 445, 385, 445, 385, 460, 460)
initVia2ViaMinLenNew_minSpc met2 (d2d-x, d2d-y, d2u-x, d2u-y, u2d-x, u2d-y, u2u-x, u2u-y) = (460, 460, 410, 485, 410, 485, 630, 630)
initVia2ViaMinLenNew_minSpc met3 (d2d-x, d2d-y, d2u-x, d2u-y, u2d-x, u2d-y, u2u-x, u2u-y) = (630, 630, 655, 625, 655, 625, 680, 630)
initVia2ViaMinLenNew_minSpc met4 (d2d-x, d2d-y, d2u-x, d2u-y, u2d-x, u2d-y, u2u-x, u2u-y) = (680, 630, 1055, 1055, 1055, 1055, 3020, 3020)
initVia2ViaMinLenNew_minSpc met5 (d2d-x, d2d-y, d2u-x, d2u-y, u2d-x, u2d-y, u2u-x, u2u-y) = (1480, 1480, 0, 0, 0, 0, 0, 0)
initVia2ViaMinLenNew_minimumcut li1 (d2d-x, d2d-y, d2u-x, d2u-y, u2d-x, u2d-y, u2u-x, u2u-y) = (0, 0, 0, 0, 0, 0, 430, 370)
initVia2ViaMinLenNew_minimumcut met1 (d2d-x, d2d-y, d2u-x, d2u-y, u2d-x, u2d-y, u2u-x, u2u-y) = (430, 370, 445, 385, 445, 385, 460, 460)
initVia2ViaMinLenNew_minimumcut met2 (d2d-x, d2d-y, d2u-x, d2u-y, u2d-x, u2d-y, u2u-x, u2u-y) = (460, 460, 410, 485, 410, 485, 630, 630)
initVia2ViaMinLenNew_minimumcut met3 (d2d-x, d2d-y, d2u-x, d2u-y, u2d-x, u2d-y, u2u-x, u2u-y) = (630, 630, 655, 625, 655, 625, 680, 630)
initVia2ViaMinLenNew_minimumcut met4 (d2d-x, d2d-y, d2u-x, d2u-y, u2d-x, u2d-y, u2u-x, u2u-y) = (680, 630, 1055, 1055, 1055, 1055, 3020, 3020)
initVia2ViaMinLenNew_minimumcut met5 (d2d-x, d2d-y, d2u-x, d2u-y, u2d-x, u2d-y, u2u-x, u2u-y) = (1480, 1480, 0, 0, 0, 0, 0, 0)
initVia2ViaMinLenNew_cutSpc li1 (d2d-x, d2d-y, d2u-x, d2u-y, u2d-x, u2d-y, u2u-x, u2u-y) = (0, 0, 0, 0, 0, 0, 430, 370)
initVia2ViaMinLenNew_cutSpc met1 (d2d-x, d2d-y, d2u-x, d2u-y, u2d-x, u2d-y, u2u-x, u2u-y) = (430, 370, 445, 385, 445, 385, 460, 460)
initVia2ViaMinLenNew_cutSpc met2 (d2d-x, d2d-y, d2u-x, d2u-y, u2d-x, u2d-y, u2u-x, u2u-y) = (460, 460, 410, 485, 410, 485, 630, 630)
initVia2ViaMinLenNew_cutSpc met3 (d2d-x, d2d-y, d2u-x, d2u-y, u2d-x, u2d-y, u2u-x, u2u-y) = (630, 630, 655, 625, 655, 625, 680, 630)
initVia2ViaMinLenNew_cutSpc met4 (d2d-x, d2d-y, d2u-x, d2u-y, u2d-x, u2d-y, u2u-x, u2u-y) = (680, 630, 1055, 1055, 1055, 1055, 3020, 3020)
initVia2ViaMinLenNew_cutSpc met5 (d2d-x, d2d-y, d2u-x, d2u-y, u2d-x, u2d-y, u2u-x, u2u-y) = (1600, 1600, 0, 0, 0, 0, 0, 0)
cpu time = 00:00:00, elapsed time = 00:00:00, memory = 104.01 (MB), peak = 163.21 (MB)

start detail routing ...
start 0th optimization iteration ...
    completing 10% with 0 violations
    elapsed time = 00:00:00, memory = 153.82 (MB)
    completing 20% with 0 violations
    elapsed time = 00:00:00, memory = 173.99 (MB)
    completing 30% with 1097 violations
    elapsed time = 00:00:03, memory = 121.48 (MB)
    completing 40% with 1097 violations
    elapsed time = 00:00:03, memory = 155.44 (MB)
    completing 50% with 1097 violations
    elapsed time = 00:00:03, memory = 156.21 (MB)
    completing 60% with 1058 violations
    elapsed time = 00:00:04, memory = 147.73 (MB)
    completing 70% with 1058 violations
    elapsed time = 00:00:04, memory = 171.71 (MB)
    completing 80% with 1309 violations
    elapsed time = 00:00:06, memory = 139.52 (MB)
    completing 90% with 1309 violations
    elapsed time = 00:00:07, memory = 154.26 (MB)
    completing 100% with 1088 violations
    elapsed time = 00:00:07, memory = 110.88 (MB)
  number of violations = 1233
cpu time = 00:00:22, elapsed time = 00:00:08, memory = 439.07 (MB), peak = 439.24 (MB)
total wire length = 67318 um
total wire length on LAYER li1 = 40 um
total wire length on LAYER met1 = 24635 um
total wire length on LAYER met2 = 37390 um
total wire length on LAYER met3 = 4802 um
total wire length on LAYER met4 = 157 um
total wire length on LAYER met5 = 292 um
total number of vias = 5412
up-via summary (total 5412):

-----------------------
 FR_MASTERSLICE       0
            li1    1978
           met1    3008
           met2     396
           met3      26
           met4       4
-----------------------
                   5412


start 1st optimization iteration ...
    completing 10% with 1233 violations
    elapsed time = 00:00:00, memory = 476.42 (MB)
    completing 20% with 1233 violations
    elapsed time = 00:00:00, memory = 493.95 (MB)
    completing 30% with 1062 violations
    elapsed time = 00:00:01, memory = 449.15 (MB)
    completing 40% with 1062 violations
    elapsed time = 00:00:01, memory = 481.29 (MB)
    completing 50% with 1062 violations
    elapsed time = 00:00:02, memory = 490.95 (MB)
    completing 60% with 1042 violations
    elapsed time = 00:00:03, memory = 476.21 (MB)
    completing 70% with 1042 violations
    elapsed time = 00:00:03, memory = 485.61 (MB)
    completing 80% with 1020 violations
    elapsed time = 00:00:05, memory = 469.22 (MB)
    completing 90% with 1020 violations
    elapsed time = 00:00:05, memory = 494.36 (MB)
    completing 100% with 980 violations
    elapsed time = 00:00:07, memory = 434.05 (MB)
  number of violations = 980
cpu time = 00:00:19, elapsed time = 00:00:07, memory = 434.05 (MB), peak = 505.70 (MB)
total wire length = 67189 um
total wire length on LAYER li1 = 39 um
total wire length on LAYER met1 = 24215 um
total wire length on LAYER met2 = 37375 um
total wire length on LAYER met3 = 5127 um
total wire length on LAYER met4 = 137 um
total wire length on LAYER met5 = 294 um
total number of vias = 5425
up-via summary (total 5425):

-----------------------
 FR_MASTERSLICE       0
            li1    1972
           met1    2990
           met2     425
           met3      34
           met4       4
-----------------------
                   5425


start 2nd optimization iteration ...
    completing 10% with 980 violations
    elapsed time = 00:00:00, memory = 472.29 (MB)
    completing 20% with 980 violations
    elapsed time = 00:00:00, memory = 473.59 (MB)
    completing 30% with 986 violations
    elapsed time = 00:00:00, memory = 446.83 (MB)
    completing 40% with 986 violations
    elapsed time = 00:00:00, memory = 497.67 (MB)
    completing 50% with 986 violations
    elapsed time = 00:00:01, memory = 506.99 (MB)
    completing 60% with 1109 violations
    elapsed time = 00:00:04, memory = 472.34 (MB)
    completing 70% with 1109 violations
    elapsed time = 00:00:04, memory = 475.16 (MB)
    completing 80% with 1135 violations
    elapsed time = 00:00:04, memory = 455.15 (MB)
    completing 90% with 1135 violations
    elapsed time = 00:00:05, memory = 507.29 (MB)
    completing 100% with 1046 violations
    elapsed time = 00:00:08, memory = 446.79 (MB)
  number of violations = 1046
cpu time = 00:00:20, elapsed time = 00:00:08, memory = 446.79 (MB), peak = 521.73 (MB)
total wire length = 67078 um
total wire length on LAYER li1 = 28 um
total wire length on LAYER met1 = 24506 um
total wire length on LAYER met2 = 37296 um
total wire length on LAYER met3 = 4825 um
total wire length on LAYER met4 = 124 um
total wire length on LAYER met5 = 296 um
total number of vias = 5377
up-via summary (total 5377):

-----------------------
 FR_MASTERSLICE       0
            li1    1964
           met1    2958
           met2     431
           met3      20
           met4       4
-----------------------
                   5377


start 3rd optimization iteration ...
    completing 10% with 1046 violations
    elapsed time = 00:00:00, memory = 484.57 (MB)
    completing 20% with 1046 violations
    elapsed time = 00:00:01, memory = 493.30 (MB)
    completing 30% with 731 violations
    elapsed time = 00:00:02, memory = 451.95 (MB)
    completing 40% with 731 violations
    elapsed time = 00:00:02, memory = 487.23 (MB)
    completing 50% with 731 violations
    elapsed time = 00:00:02, memory = 486.25 (MB)
    completing 60% with 613 violations
    elapsed time = 00:00:03, memory = 502.55 (MB)
    completing 70% with 613 violations
    elapsed time = 00:00:04, memory = 511.58 (MB)
    completing 80% with 308 violations
    elapsed time = 00:00:06, memory = 469.82 (MB)
    completing 90% with 308 violations
    elapsed time = 00:00:06, memory = 480.98 (MB)
    completing 100% with 168 violations
    elapsed time = 00:00:06, memory = 438.25 (MB)
  number of violations = 168
cpu time = 00:00:20, elapsed time = 00:00:07, memory = 438.25 (MB), peak = 521.73 (MB)
total wire length = 67013 um
total wire length on LAYER li1 = 20 um
total wire length on LAYER met1 = 22737 um
total wire length on LAYER met2 = 36999 um
total wire length on LAYER met3 = 6552 um
total wire length on LAYER met4 = 406 um
total wire length on LAYER met5 = 296 um
total number of vias = 5700
up-via summary (total 5700):

-----------------------
 FR_MASTERSLICE       0
            li1    1958
           met1    3057
           met2     621
           met3      60
           met4       4
-----------------------
                   5700


start 4th optimization iteration ...
    completing 10% with 168 violations
    elapsed time = 00:00:00, memory = 487.24 (MB)
    completing 20% with 168 violations
    elapsed time = 00:00:00, memory = 487.24 (MB)
    completing 30% with 136 violations
    elapsed time = 00:00:00, memory = 467.07 (MB)
    completing 40% with 136 violations
    elapsed time = 00:00:00, memory = 479.82 (MB)
    completing 50% with 136 violations
    elapsed time = 00:00:01, memory = 479.82 (MB)
    completing 60% with 99 violations
    elapsed time = 00:00:01, memory = 479.47 (MB)
    completing 70% with 99 violations
    elapsed time = 00:00:01, memory = 483.00 (MB)
    completing 80% with 76 violations
    elapsed time = 00:00:02, memory = 472.66 (MB)
    completing 90% with 76 violations
    elapsed time = 00:00:02, memory = 476.16 (MB)
    completing 100% with 28 violations
    elapsed time = 00:00:02, memory = 433.95 (MB)
  number of violations = 28
cpu time = 00:00:10, elapsed time = 00:00:02, memory = 433.95 (MB), peak = 521.73 (MB)
total wire length = 67063 um
total wire length on LAYER li1 = 20 um
total wire length on LAYER met1 = 22760 um
total wire length on LAYER met2 = 36908 um
total wire length on LAYER met3 = 6594 um
total wire length on LAYER met4 = 483 um
total wire length on LAYER met5 = 296 um
total number of vias = 5819
up-via summary (total 5819):

-----------------------
 FR_MASTERSLICE       0
            li1    1958
           met1    3143
           met2     648
           met3      66
           met4       4
-----------------------
                   5819


start 5th optimization iteration ...
    completing 10% with 28 violations
    elapsed time = 00:00:00, memory = 452.37 (MB)
    completing 20% with 28 violations
    elapsed time = 00:00:00, memory = 467.13 (MB)
    completing 30% with 20 violations
    elapsed time = 00:00:00, memory = 457.79 (MB)
    completing 40% with 20 violations
    elapsed time = 00:00:00, memory = 452.39 (MB)
    completing 50% with 20 violations
    elapsed time = 00:00:00, memory = 469.46 (MB)
    completing 60% with 19 violations
    elapsed time = 00:00:00, memory = 465.06 (MB)
    completing 70% with 19 violations
    elapsed time = 00:00:00, memory = 465.06 (MB)
    completing 80% with 15 violations
    elapsed time = 00:00:01, memory = 462.43 (MB)
    completing 90% with 15 violations
    elapsed time = 00:00:01, memory = 455.93 (MB)
    completing 100% with 12 violations
    elapsed time = 00:00:01, memory = 450.16 (MB)
  number of violations = 12
cpu time = 00:00:05, elapsed time = 00:00:01, memory = 450.16 (MB), peak = 521.73 (MB)
total wire length = 67067 um
total wire length on LAYER li1 = 20 um
total wire length on LAYER met1 = 22771 um
total wire length on LAYER met2 = 36885 um
total wire length on LAYER met3 = 6592 um
total wire length on LAYER met4 = 500 um
total wire length on LAYER met5 = 296 um
total number of vias = 5835
up-via summary (total 5835):

-----------------------
 FR_MASTERSLICE       0
            li1    1958
           met1    3159
           met2     648
           met3      66
           met4       4
-----------------------
                   5835


start 6th optimization iteration ...
    completing 10% with 12 violations
    elapsed time = 00:00:00, memory = 449.82 (MB)
    completing 20% with 12 violations
    elapsed time = 00:00:00, memory = 457.64 (MB)
    completing 30% with 11 violations
    elapsed time = 00:00:00, memory = 451.22 (MB)
    completing 40% with 11 violations
    elapsed time = 00:00:00, memory = 460.02 (MB)
    completing 50% with 11 violations
    elapsed time = 00:00:00, memory = 455.05 (MB)
    completing 60% with 6 violations
    elapsed time = 00:00:00, memory = 458.05 (MB)
    completing 70% with 6 violations
    elapsed time = 00:00:00, memory = 451.66 (MB)
    completing 80% with 0 violations
    elapsed time = 00:00:00, memory = 453.70 (MB)
    completing 90% with 0 violations
    elapsed time = 00:00:01, memory = 453.88 (MB)
    completing 100% with 0 violations
    elapsed time = 00:00:01, memory = 457.45 (MB)
  number of violations = 0
cpu time = 00:00:04, elapsed time = 00:00:01, memory = 457.45 (MB), peak = 521.73 (MB)
total wire length = 67069 um
total wire length on LAYER li1 = 20 um
total wire length on LAYER met1 = 22777 um
total wire length on LAYER met2 = 36880 um
total wire length on LAYER met3 = 6592 um
total wire length on LAYER met4 = 500 um
total wire length on LAYER met5 = 296 um
total number of vias = 5849
up-via summary (total 5849):

-----------------------
 FR_MASTERSLICE       0
            li1    1958
           met1    3173
           met2     648
           met3      66
           met4       4
-----------------------
                   5849


start 17th optimization iteration ...
    completing 10% with 0 violations
    elapsed time = 00:00:00, memory = 458.76 (MB)
    completing 20% with 0 violations
    elapsed time = 00:00:00, memory = 451.57 (MB)
    completing 30% with 0 violations
    elapsed time = 00:00:00, memory = 451.65 (MB)
    completing 40% with 0 violations
    elapsed time = 00:00:00, memory = 458.76 (MB)
    completing 50% with 0 violations
    elapsed time = 00:00:00, memory = 457.11 (MB)
    completing 60% with 0 violations
    elapsed time = 00:00:00, memory = 458.24 (MB)
    completing 70% with 0 violations
    elapsed time = 00:00:00, memory = 447.78 (MB)
    completing 80% with 0 violations
    elapsed time = 00:00:00, memory = 451.65 (MB)
    completing 90% with 0 violations
    elapsed time = 00:00:00, memory = 454.43 (MB)
    completing 100% with 0 violations
    elapsed time = 00:00:01, memory = 457.14 (MB)
  number of violations = 0
cpu time = 00:00:04, elapsed time = 00:00:01, memory = 457.14 (MB), peak = 521.73 (MB)
total wire length = 67069 um
total wire length on LAYER li1 = 20 um
total wire length on LAYER met1 = 22777 um
total wire length on LAYER met2 = 36880 um
total wire length on LAYER met3 = 6592 um
total wire length on LAYER met4 = 500 um
total wire length on LAYER met5 = 296 um
total number of vias = 5849
up-via summary (total 5849):

-----------------------
 FR_MASTERSLICE       0
            li1    1958
           met1    3173
           met2     648
           met3      66
           met4       4
-----------------------
                   5849


start 25th optimization iteration ...
    completing 10% with 0 violations
    elapsed time = 00:00:00, memory = 449.80 (MB)
    completing 20% with 0 violations
    elapsed time = 00:00:00, memory = 451.45 (MB)
    completing 30% with 0 violations
    elapsed time = 00:00:00, memory = 447.30 (MB)
    completing 40% with 0 violations
    elapsed time = 00:00:00, memory = 448.78 (MB)
    completing 50% with 0 violations
    elapsed time = 00:00:00, memory = 451.21 (MB)
    completing 60% with 0 violations
    elapsed time = 00:00:00, memory = 449.79 (MB)
    completing 70% with 0 violations
    elapsed time = 00:00:00, memory = 449.66 (MB)
    completing 80% with 0 violations
    elapsed time = 00:00:00, memory = 449.41 (MB)
    completing 90% with 0 violations
    elapsed time = 00:00:00, memory = 448.63 (MB)
    completing 100% with 0 violations
    elapsed time = 00:00:01, memory = 446.03 (MB)
  number of violations = 0
cpu time = 00:00:04, elapsed time = 00:00:01, memory = 446.03 (MB), peak = 521.73 (MB)
total wire length = 67069 um
total wire length on LAYER li1 = 20 um
total wire length on LAYER met1 = 22777 um
total wire length on LAYER met2 = 36880 um
total wire length on LAYER met3 = 6592 um
total wire length on LAYER met4 = 500 um
total wire length on LAYER met5 = 296 um
total number of vias = 5849
up-via summary (total 5849):

-----------------------
 FR_MASTERSLICE       0
            li1    1958
           met1    3173
           met2     648
           met3      66
           met4       4
-----------------------
                   5849


start 33rd optimization iteration ...
    completing 10% with 0 violations
    elapsed time = 00:00:00, memory = 446.55 (MB)
    completing 20% with 0 violations
    elapsed time = 00:00:00, memory = 445.80 (MB)
    completing 30% with 0 violations
    elapsed time = 00:00:00, memory = 446.45 (MB)
    completing 40% with 0 violations
    elapsed time = 00:00:00, memory = 446.20 (MB)
    completing 50% with 0 violations
    elapsed time = 00:00:00, memory = 445.48 (MB)
    completing 60% with 0 violations
    elapsed time = 00:00:00, memory = 446.21 (MB)
    completing 70% with 0 violations
    elapsed time = 00:00:00, memory = 445.55 (MB)
    completing 80% with 0 violations
    elapsed time = 00:00:00, memory = 445.28 (MB)
    completing 90% with 0 violations
    elapsed time = 00:00:01, memory = 446.21 (MB)
    completing 100% with 0 violations
    elapsed time = 00:00:01, memory = 446.95 (MB)
  number of violations = 0
cpu time = 00:00:04, elapsed time = 00:00:01, memory = 446.95 (MB), peak = 521.73 (MB)
total wire length = 67069 um
total wire length on LAYER li1 = 20 um
total wire length on LAYER met1 = 22777 um
total wire length on LAYER met2 = 36880 um
total wire length on LAYER met3 = 6592 um
total wire length on LAYER met4 = 500 um
total wire length on LAYER met5 = 296 um
total number of vias = 5849
up-via summary (total 5849):

-----------------------
 FR_MASTERSLICE       0
            li1    1958
           met1    3173
           met2     648
           met3      66
           met4       4
-----------------------
                   5849


start 41st optimization iteration ...
    completing 10% with 0 violations
    elapsed time = 00:00:00, memory = 446.68 (MB)
    completing 20% with 0 violations
    elapsed time = 00:00:00, memory = 445.19 (MB)
    completing 30% with 0 violations
    elapsed time = 00:00:00, memory = 447.16 (MB)
    completing 40% with 0 violations
    elapsed time = 00:00:00, memory = 446.29 (MB)
    completing 50% with 0 violations
    elapsed time = 00:00:00, memory = 446.80 (MB)
    completing 60% with 0 violations
    elapsed time = 00:00:00, memory = 446.57 (MB)
    completing 70% with 0 violations
    elapsed time = 00:00:00, memory = 446.36 (MB)
    completing 80% with 0 violations
    elapsed time = 00:00:00, memory = 445.76 (MB)
    completing 90% with 0 violations
    elapsed time = 00:00:01, memory = 446.53 (MB)
    completing 100% with 0 violations
    elapsed time = 00:00:01, memory = 445.04 (MB)
  number of violations = 0
cpu time = 00:00:04, elapsed time = 00:00:01, memory = 445.04 (MB), peak = 521.73 (MB)
total wire length = 67069 um
total wire length on LAYER li1 = 20 um
total wire length on LAYER met1 = 22777 um
total wire length on LAYER met2 = 36880 um
total wire length on LAYER met3 = 6592 um
total wire length on LAYER met4 = 500 um
total wire length on LAYER met5 = 296 um
total number of vias = 5849
up-via summary (total 5849):

-----------------------
 FR_MASTERSLICE       0
            li1    1958
           met1    3173
           met2     648
           met3      66
           met4       4
-----------------------
                   5849


start 49th optimization iteration ...
    completing 10% with 0 violations
    elapsed time = 00:00:00, memory = 446.80 (MB)
    completing 20% with 0 violations
    elapsed time = 00:00:00, memory = 446.00 (MB)
    completing 30% with 0 violations
    elapsed time = 00:00:00, memory = 445.48 (MB)
    completing 40% with 0 violations
    elapsed time = 00:00:00, memory = 444.16 (MB)
    completing 50% with 0 violations
    elapsed time = 00:00:00, memory = 444.96 (MB)
    completing 60% with 0 violations
    elapsed time = 00:00:00, memory = 446.98 (MB)
    completing 70% with 0 violations
    elapsed time = 00:00:00, memory = 445.76 (MB)
    completing 80% with 0 violations
    elapsed time = 00:00:00, memory = 446.30 (MB)
    completing 90% with 0 violations
    elapsed time = 00:00:01, memory = 446.96 (MB)
    completing 100% with 0 violations
    elapsed time = 00:00:01, memory = 446.96 (MB)
  number of violations = 0
cpu time = 00:00:04, elapsed time = 00:00:01, memory = 446.96 (MB), peak = 521.73 (MB)
total wire length = 67069 um
total wire length on LAYER li1 = 20 um
total wire length on LAYER met1 = 22777 um
total wire length on LAYER met2 = 36880 um
total wire length on LAYER met3 = 6592 um
total wire length on LAYER met4 = 500 um
total wire length on LAYER met5 = 296 um
total number of vias = 5849
up-via summary (total 5849):

-----------------------
 FR_MASTERSLICE       0
            li1    1958
           met1    3173
           met2     648
           met3      66
           met4       4
-----------------------
                   5849


start 57th optimization iteration ...
    completing 10% with 0 violations
    elapsed time = 00:00:00, memory = 447.32 (MB)
    completing 20% with 0 violations
    elapsed time = 00:00:00, memory = 446.51 (MB)
    completing 30% with 0 violations
    elapsed time = 00:00:00, memory = 446.82 (MB)
    completing 40% with 0 violations
    elapsed time = 00:00:00, memory = 446.20 (MB)
    completing 50% with 0 violations
    elapsed time = 00:00:00, memory = 446.94 (MB)
    completing 60% with 0 violations
    elapsed time = 00:00:00, memory = 446.97 (MB)
    completing 70% with 0 violations
    elapsed time = 00:00:00, memory = 444.34 (MB)
    completing 80% with 0 violations
    elapsed time = 00:00:00, memory = 445.02 (MB)
    completing 90% with 0 violations
    elapsed time = 00:00:01, memory = 445.52 (MB)
    completing 100% with 0 violations
    elapsed time = 00:00:01, memory = 447.09 (MB)
  number of violations = 0
cpu time = 00:00:04, elapsed time = 00:00:01, memory = 447.09 (MB), peak = 521.73 (MB)
total wire length = 67069 um
total wire length on LAYER li1 = 20 um
total wire length on LAYER met1 = 22777 um
total wire length on LAYER met2 = 36880 um
total wire length on LAYER met3 = 6592 um
total wire length on LAYER met4 = 500 um
total wire length on LAYER met5 = 296 um
total number of vias = 5849
up-via summary (total 5849):

-----------------------
 FR_MASTERSLICE       0
            li1    1958
           met1    3173
           met2     648
           met3      66
           met4       4
-----------------------
                   5849


complete detail routing
total wire length = 67069 um
total wire length on LAYER li1 = 20 um
total wire length on LAYER met1 = 22777 um
total wire length on LAYER met2 = 36880 um
total wire length on LAYER met3 = 6592 um
total wire length on LAYER met4 = 500 um
total wire length on LAYER met5 = 296 um
total number of vias = 5849
up-via summary (total 5849):

-----------------------
 FR_MASTERSLICE       0
            li1    1958
           met1    3173
           met2     648
           met3      66
           met4       4
-----------------------
                   5849

cpu time = 00:02:11, elapsed time = 00:00:43, memory = 447.09 (MB), peak = 521.73 (MB)

post processing ...

Runtime taken (hrt): 46.1173
