OpenROAD 0.9.0 70f7b682b3
This program is licensed under the BSD-3 license. See the LICENSE file for details. 
Components of this program may be licensed under more restrictive licenses which must be honored.
Notice 0: Reading LEF file:  /project/openlane/user_proj_example/runs/user_proj_example/tmp/merged_unpadded.lef
Notice 0:     Created 13 technology layers
Notice 0:     Created 25 technology vias
Notice 0:     Created 438 library cells
Notice 0: Finished LEF file:  /project/openlane/user_proj_example/runs/user_proj_example/tmp/merged_unpadded.lef
Notice 0: 
Reading DEF file: /project/openlane/user_proj_example/runs/user_proj_example/tmp/placement/openphysyn.def
Notice 0: Design: user_proj_example
Notice 0:     Created 612 pins.
Notice 0:     Created 5483 components and 15149 component-terminals.
Notice 0:     Created 1015 nets and 1888 connections.
Notice 0: Finished DEF file: /project/openlane/user_proj_example/runs/user_proj_example/tmp/placement/openphysyn.def
Warning: could not find power special net
Design Stats
--------------------------------
total instances          5483
multi row instances         0
fixed instances          4811
nets                     1015
design area          339525.6 u^2
fixed area             7080.5 u^2
movable area           7334.5 u^2
utilization                 2 %
utilization padded          4 %
rows                      212
row height                2.7 u

Placement Analysis
--------------------------------
total displacement    11582.8 u
average displacement      2.1 u
max displacement         87.9 u
original HPWL         52226.9 u
legalized HPWL        62569.0 u
delta HPWL                 20 %

