OpenROAD 0.9.0 70f7b682b3
This program is licensed under the BSD-3 license. See the LICENSE file for details. 
Components of this program may be licensed under more restrictive licenses which must be honored.
Notice 0: Reading LEF file:  /project/openlane/user_proj_example/runs/user_proj_example/tmp/merged_unpadded.lef
Notice 0:     Created 13 technology layers
Notice 0:     Created 25 technology vias
Notice 0:     Created 438 library cells
Notice 0: Finished LEF file:  /project/openlane/user_proj_example/runs/user_proj_example/tmp/merged_unpadded.lef
Notice 0: 
Reading DEF file: /project/openlane/user_proj_example/runs/user_proj_example/results/floorplan/user_proj_example.floorplan.def
Notice 0: Design: user_proj_example
Notice 0:     Created 612 pins.
Notice 0:     Created 5483 components and 15149 component-terminals.
Notice 0:     Created 1015 nets and 1888 connections.
Notice 0: Finished DEF file: /project/openlane/user_proj_example/runs/user_proj_example/results/floorplan/user_proj_example.floorplan.def
[INFO] DBU = 1000
[INFO] SiteSize = (460, 2720)
[INFO] CoreAreaLxLy = (5520, 10880)
[INFO] CoreAreaUxUy = (594320, 587520)
[INFO] NumInstances = 5483
[INFO] NumPlaceInstances = 672
[INFO] NumFixedInstances = 4811
[INFO] NumDummyInstances = 0
[INFO] NumNets = 1015
[INFO] NumPins = 2500
[INFO] DieAreaLxLy = (0, 0)
[INFO] DieAreaUxUy = (600000, 600000)
[INFO] CoreAreaLxLy = (5520, 10880)
[INFO] CoreAreaUxUy = (594320, 587520)
[INFO] CoreArea = 339525632000
[INFO] NonPlaceInstsArea = 7080540800
[INFO] PlaceInstsArea = 7332032000
[INFO] Util(%) = 2.205487
[INFO] StdInstsArea = 7332032000
[INFO] MacroInstsArea = 0
[InitialPlace]  Iter: 1 CG Error: 6.23043e-05 HPWL: 145811270
[InitialPlace]  Iter: 2 CG Error: 3.5858e-07 HPWL: 78805966
[InitialPlace]  Iter: 3 CG Error: 7.83939e-08 HPWL: 54499707
[InitialPlace]  Iter: 4 CG Error: 1.15053e-07 HPWL: 49139056
[InitialPlace]  Iter: 5 CG Error: 1.1826e-07 HPWL: 47799539
[INFO] FillerInit: NumGCells = 4693
[INFO] FillerInit: NumGNets = 1015
[INFO] FillerInit: NumGPins = 2500
[INFO] TargetDensity = 0.150000
[INFO] AveragePlaceInstArea = 10910761
[INFO] IdealBinArea = 72738400
[INFO] IdealBinCnt = 4667
[INFO] TotalBinArea = 339525632000
[INFO] BinCnt = (64, 64)
[INFO] BinSize = (9200, 9010)
[INFO] NumBins = 4096
[NesterovSolve] Iter: 1 overflow: 0.787244 HPWL: 54784356
[NesterovSolve] Iter: 10 overflow: 0.685231 HPWL: 52608152
[NesterovSolve] Iter: 20 overflow: 0.694887 HPWL: 52122563
[NesterovSolve] Iter: 30 overflow: 0.691169 HPWL: 52299019
[NesterovSolve] Iter: 40 overflow: 0.693703 HPWL: 52216931
[NesterovSolve] Iter: 50 overflow: 0.692726 HPWL: 52221948
[NesterovSolve] Finished with Overflow: 0.692641
Warning: /home/bryce/newpdks/sky130A/libs.ref/sky130_fd_sc_hd/lib/sky130_fd_sc_hd__ss_100C_1v60.lib, line 32 default_operating_condition ss_100C_1v60 not found.
Warning: /home/bryce/newpdks/sky130A/libs.ref/sky130_fd_sc_hd/lib/sky130_fd_sc_hd__ff_n40C_1v95.lib, line 31 default_operating_condition ff_n40C_1v95 not found.
create_clock [get_ports $::env(CLOCK_PORT)]  -name $::env(CLOCK_PORT)  -period $::env(CLOCK_PERIOD)
Error: base.sdc, 1 can't read "::env(CLOCK_PORT)": no such variable
