Thu Nov 26 21:33:24 UTC 2020 - Executing "/openLANE_flow/scripts/mergeLef.py -i /home/bryce/newpdks//sky130A/libs.ref/sky130_fd_sc_hd/techlef/sky130_fd_sc_hd.tlef {/home/bryce/newpdks/sky130A/libs.ref/sky130_fd_sc_hd/lef/sky130_ef_sc_hd__fakediode_2.lef /home/bryce/newpdks/sky130A/libs.ref/sky130_fd_sc_hd/lef/sky130_fd_sc_hd.lef} -o /project/openlane/user_proj_example/runs/user_proj_example/tmp/merged_unpadded.lef |& tee >&@stdout"

Thu Nov 26 21:33:24 UTC 2020 - Executing "/openLANE_flow/scripts/padLefMacro.py -s unithd -r 8 -i /project/openlane/user_proj_example/runs/user_proj_example/tmp/merged_unpadded.lef -o /project/openlane/user_proj_example/runs/user_proj_example/tmp/merged.lef -e {sky130_fd_sc_hd__tap* sky130_fd_sc_hd__decap* sky130_fd_sc_hd__fill*} |& tee >&@stdout"

Thu Nov 26 21:33:29 UTC 2020 - Executing "/openLANE_flow/scripts/libtrim.pl /home/bryce/newpdks//sky130A/libs.ref/sky130_fd_sc_hd/lib/sky130_fd_sc_hd__tt_025C_1v80.lib /home/bryce/newpdks//sky130A/libs.tech/openlane/sky130_fd_sc_hd/no_synth.cells > /project/openlane/user_proj_example/runs/user_proj_example/tmp/trimmed.lib"

Thu Nov 26 21:33:29 UTC 2020 - Executing "yosys -c /openLANE_flow/scripts/synth.tcl -l /project/openlane/user_proj_example/runs/user_proj_example/logs/synthesis/yosys.log |& tee >&@stdout"

Thu Nov 26 21:33:30 UTC 2020 - Executing "sed -i -e {s/\(set ::env(CURRENT_NETLIST)\).*/\1 \/project\/openlane\/user_proj_example\/runs\/user_proj_example\/results\/synthesis\/user_proj_example.synthesis.v/} /project/openlane/user_proj_example/runs/user_proj_example/config.tcl"

Thu Nov 26 21:33:30 UTC 2020 - Executing "sed -i -e {s/\(set ::env(PREV_NETLIST)\).*/\1 0/} /project/openlane/user_proj_example/runs/user_proj_example/config.tcl"

Thu Nov 26 21:33:30 UTC 2020 - Executing "sta /openLANE_flow/scripts/sta.tcl |& tee >&@stdout /project/openlane/user_proj_example/runs/user_proj_example/logs/synthesis/opensta.log"

Thu Nov 26 21:33:31 UTC 2020 - Executing "openroad -exit /openLANE_flow/scripts/openroad/or_floorplan.tcl |& tee >&@stdout /project/openlane/user_proj_example/runs/user_proj_example/logs/floorplan/verilog2def.openroad.log"

Thu Nov 26 21:33:32 UTC 2020 - Executing "python3 /openLANE_flow/scripts/io_place.py --input-lef /project/openlane/user_proj_example/runs/user_proj_example/tmp/merged.lef --input-def /project/openlane/user_proj_example/runs/user_proj_example/tmp/floorplan/verilog2def_openroad.def --config /project/openlane/user_proj_example/pin_order.cfg --hor-layer 4 --ver-layer 3 --ver-width-mult 2 --hor-width-mult 2 --length-mult 4 -o /project/openlane/user_proj_example/runs/user_proj_example/tmp/floorplan/ioPlacer.def |& tee /project/openlane/user_proj_example/runs/user_proj_example/logs/floorplan/place_io_ol.log >&@stdout"

Thu Nov 26 21:33:32 UTC 2020 - Executing "openroad -exit /openLANE_flow/scripts/openroad/or_tapcell.tcl |& tee >&@stdout /project/openlane/user_proj_example/runs/user_proj_example/logs/floorplan/tapcell.log"

Thu Nov 26 21:33:32 UTC 2020 - Executing "openroad -exit /openLANE_flow/scripts/openroad/or_replace.tcl |& tee >&@stdout /project/openlane/user_proj_example/runs/user_proj_example/logs/placement/replace.log"

Thu Nov 26 21:33:36 UTC 2020 - Executing "/openLANE_flow/scripts/libtrim.pl /home/bryce/newpdks//sky130A/libs.ref/sky130_fd_sc_hd/lib/sky130_fd_sc_hd__ss_100C_1v60.lib /home/bryce/newpdks//sky130A/libs.tech/openlane/sky130_fd_sc_hd/no_synth.cells > /project/openlane/user_proj_example/runs/user_proj_example/tmp/opt.lib"

Thu Nov 26 21:33:37 UTC 2020 - Executing "Psn /openLANE_flow/scripts/openPhySyn.tcl |& tee >&@stdout /project/openlane/user_proj_example/runs/user_proj_example/logs/placement/openphysyn.log"

Thu Nov 26 21:33:40 UTC 2020 - Executing "openroad -exit /openLANE_flow/scripts/openroad/or_write_verilog.tcl |& tee >&@stdout /project/openlane/user_proj_example/runs/user_proj_example/logs/write_verilog.log"

Thu Nov 26 21:33:40 UTC 2020 - Executing "sed -i -e {s/\(set ::env(CURRENT_NETLIST)\).*/\1 \/project\/openlane\/user_proj_example\/runs\/user_proj_example\/results\/synthesis\/user_proj_example.synthesis_optimized.v/} /project/openlane/user_proj_example/runs/user_proj_example/config.tcl"

Thu Nov 26 21:33:40 UTC 2020 - Executing "sed -i -e {s/\(set ::env(PREV_NETLIST)\).*/\1 \/project\/openlane\/user_proj_example\/runs\/user_proj_example\/results\/synthesis\/user_proj_example.synthesis.v/} /project/openlane/user_proj_example/runs/user_proj_example/config.tcl"

Thu Nov 26 21:33:40 UTC 2020 - Executing "sta /openLANE_flow/scripts/sta.tcl |& tee >&@stdout /project/openlane/user_proj_example/runs/user_proj_example/logs/synthesis/opensta_post_openphysyn.log"

Thu Nov 26 21:33:41 UTC 2020 - Executing "openroad -exit /openLANE_flow/scripts/openroad/or_opendp.tcl |& tee >&@stdout /project/openlane/user_proj_example/runs/user_proj_example/logs/placement/opendp.log"

Thu Nov 26 21:33:42 UTC 2020 - Executing "openroad -exit /openLANE_flow/scripts/openroad/or_cts.tcl |& tee >&@stdout /project/openlane/user_proj_example/runs/user_proj_example/logs/cts/cts.log"

Thu Nov 26 21:34:37 UTC 2020 - Executing "openroad -exit /openLANE_flow/scripts/openroad/or_write_verilog.tcl |& tee >&@stdout /project/openlane/user_proj_example/runs/user_proj_example/logs/write_verilog.log"

Thu Nov 26 21:34:38 UTC 2020 - Executing "sed -i -e {s/\(set ::env(CURRENT_NETLIST)\).*/\1 \/project\/openlane\/user_proj_example\/runs\/user_proj_example\/results\/synthesis\/user_proj_example.synthesis_cts.v/} /project/openlane/user_proj_example/runs/user_proj_example/config.tcl"

Thu Nov 26 21:34:38 UTC 2020 - Executing "sed -i -e {s/\(set ::env(PREV_NETLIST)\).*/\1 \/project\/openlane\/user_proj_example\/runs\/user_proj_example\/results\/synthesis\/user_proj_example.synthesis_optimized.v/} /project/openlane/user_proj_example/runs/user_proj_example/config.tcl"

Thu Nov 26 21:34:38 UTC 2020 - Executing "openroad -exit /openLANE_flow/scripts/new_pdn.tcl |& tee >&@stdout /project/openlane/user_proj_example/runs/user_proj_example/logs/floorplan/pdn.log"

Thu Nov 26 21:34:38 UTC 2020 - Executing "openroad -exit /openLANE_flow/scripts/openroad/or_route.tcl |& tee >&@stdout /project/openlane/user_proj_example/runs/user_proj_example/logs/routing/fastroute.log"

Thu Nov 26 21:34:42 UTC 2020 - Executing "openroad -exit /openLANE_flow/scripts/openroad/or_route.tcl |& tee >&@stdout /project/openlane/user_proj_example/runs/user_proj_example/logs/routing/fastroute_post_antenna.log"

Thu Nov 26 21:34:46 UTC 2020 - Executing "openroad -exit /openLANE_flow/scripts/openroad/or_fill.tcl |& tee >&@stdout /project/openlane/user_proj_example/runs/user_proj_example/logs/routing/addspacers.log"

Thu Nov 26 21:34:46 UTC 2020 - Executing "openroad -exit /openLANE_flow/scripts/openroad/or_write_verilog.tcl |& tee >&@stdout /project/openlane/user_proj_example/runs/user_proj_example/logs/write_verilog.log"

Thu Nov 26 21:34:47 UTC 2020 - Executing "sed -i -e {s/\(set ::env(CURRENT_NETLIST)\).*/\1 \/project\/openlane\/user_proj_example\/runs\/user_proj_example\/results\/synthesis\/user_proj_example.synthesis_preroute.v/} /project/openlane/user_proj_example/runs/user_proj_example/config.tcl"

Thu Nov 26 21:34:47 UTC 2020 - Executing "sed -i -e {s/\(set ::env(PREV_NETLIST)\).*/\1 \/project\/openlane\/user_proj_example\/runs\/user_proj_example\/results\/synthesis\/user_proj_example.synthesis_cts.v/} /project/openlane/user_proj_example/runs/user_proj_example/config.tcl"

Thu Nov 26 21:34:47 UTC 2020 - Executing "envsubst < /openLANE_flow/scripts/tritonRoute.param > /project/openlane/user_proj_example/runs/user_proj_example/tmp/routing/tritonRoute.param"

Thu Nov 26 21:34:47 UTC 2020 - Executing "TritonRoute /project/openlane/user_proj_example/runs/user_proj_example/tmp/routing/tritonRoute.param |& tee >&@stdout /project/openlane/user_proj_example/runs/user_proj_example/logs/routing/tritonRoute.log"

Thu Nov 26 21:35:33 UTC 2020 - Executing "python3 /openLANE_flow/scripts/tr2klayout.py -i /project/openlane/user_proj_example/runs/user_proj_example/reports/routing/tritonRoute.drc -o /project/openlane/user_proj_example/runs/user_proj_example/reports/routing/tritonRoute.klayout.xml --design-name user_proj_example"

Thu Nov 26 21:35:33 UTC 2020 - Executing "python3 /openLANE_flow/scripts/spef_extractor/main.py -l /project/openlane/user_proj_example/runs/user_proj_example/tmp/merged_unpadded.lef -d /project/openlane/user_proj_example/runs/user_proj_example/results/routing/user_proj_example.def -mw L -ec 1 |& tee >&@stdout /project/openlane/user_proj_example/runs/user_proj_example/logs/routing/spef_extraction.log"

Thu Nov 26 21:35:34 UTC 2020 - Executing "sta /openLANE_flow/scripts/sta.tcl |& tee >&@stdout /project/openlane/user_proj_example/runs/user_proj_example/logs/synthesis/opensta_spef.log"

Thu Nov 26 21:36:03 UTC 2020 - Executing "python3 /openLANE_flow/scripts/write_powered_def.py -d /project/openlane/user_proj_example/runs/user_proj_example/results/routing/user_proj_example.def -l /project/openlane/user_proj_example/runs/user_proj_example/tmp/merged.lef -v VPWR -g VGND -o /project/openlane/user_proj_example/runs/user_proj_example/tmp/routing/user_proj_example.powered.def |& tee >&@stdout /project/openlane/user_proj_example/runs/user_proj_example/logs/lvs/write_powered_verilog.log"

Thu Nov 26 21:36:04 UTC 2020 - Executing "openroad -exit /openLANE_flow/scripts/openroad/or_write_verilog.tcl |& tee >&@stdout /project/openlane/user_proj_example/runs/user_proj_example/logs/write_verilog.log"

Thu Nov 26 21:36:04 UTC 2020 - Executing "yosys -c /openLANE_flow/scripts/yosys_rewrite_verilog.tcl -l /project/openlane/user_proj_example/runs/user_proj_example/logs/synthesis/yosys_rewrite_verilog.log"

Thu Nov 26 21:36:14 UTC 2020 - Executing "sed -i -e {s/\(set ::env(CURRENT_NETLIST)\).*/\1 \/project\/openlane\/user_proj_example\/runs\/user_proj_example\/results\/lvs\/user_proj_example.lvs.powered.v/} /project/openlane/user_proj_example/runs/user_proj_example/config.tcl"

Thu Nov 26 21:36:14 UTC 2020 - Executing "sed -i -e {s/\(set ::env(PREV_NETLIST)\).*/\1 \/project\/openlane\/user_proj_example\/runs\/user_proj_example\/results\/synthesis\/user_proj_example.synthesis_preroute.v/} /project/openlane/user_proj_example/runs/user_proj_example/config.tcl"

Thu Nov 26 21:36:14 UTC 2020 - Executing "magic -noconsole -dnull -rcfile /home/bryce/newpdks//sky130A/libs.tech/magic/sky130A.magicrc /openLANE_flow/scripts/magic.tcl </dev/null |& tee >&@stdout /project/openlane/user_proj_example/runs/user_proj_example/logs/magic/magic.log"

